2025-05-01 21:18:54 : INFO : <module> : 13 - Setup complete (v1.0)
2025-05-01 21:18:54 : INFO : <module> : 22 - No GPU devices found
2025-05-01 21:18:54 : INFO : <module> : 35 - Input request: {'video_link': '../wepapp/videos/9mm_fast_walk.mp4', 'building': 'residence', 'video_type': 'mp4', 'friendly_name': 'entrance', 'file_original_name': None, 'lat': '12.0', 'long': '13.0'}
2025-05-01 21:18:54 : INFO : <module> : 45 - Detection for video starts...
2025-05-01 21:18:54 : INFO : <module> : 47 - GPU Utilization before: 
2025-05-01 21:18:54 : INFO : <module> : 23 - imported packages within inference_images_weapon
2025-05-01 21:18:54 : INFO : <module> : 41 - loading weapon model: tf
2025-05-01 21:20:41 : INFO : <module> : 52 - loaded weapon model
2025-05-01 21:20:41 : INFO : detect : 50 - Video source: ../wepapp/videos/9mm_fast_walk.mp4
2025-05-01 21:20:41 : INFO : detect : 72 - msg_local_py[payload]: {'video_link': '../wepapp/videos/9mm_fast_walk.mp4', 'building': 'residence', 'video_type': 'mp4', 'friendly_name': 'entrance', 'file_original_name': None, 'lat': '12.0', 'long': '13.0'}
2025-05-01 21:20:41 : INFO : detect : 141 - Begin video capture now: ../wepapp/videos/9mm_fast_walk.mp4
2025-05-01 21:20:41 : INFO : detect : 146 - video: < cv2.VideoCapture 0x30aadb250>
2025-05-01 21:20:41 : WARNING : detect : 194 - entrance folder removed
2025-05-01 21:20:41 : WARNING : detect : 198 - entrance folder created
2025-05-01 21:20:44 : INFO : detect : 280 - Frame #: 100 of 258
2025-05-01 21:20:45 : INFO : inference_images_weapon : 59 - started weapon inference
2025-05-01 21:21:11 : INFO : inference_images_weapon : 89 - fps after inference: 0.03892186310038573
2025-05-01 21:21:11 : INFO : inference_images_weapon : 147 - Ended weapon inference
2025-05-01 21:21:11 : INFO : detect : 288 - FPS01: 0.04
2025-05-01 21:21:11 : INFO : detect : 350 - After fetching img
2025-05-01 21:21:11 : INFO : detect : 428 - FPS02: 0.04
2025-05-01 21:21:12 : INFO : detect : 280 - Frame #: 200 of 258
2025-05-01 21:21:12 : INFO : inference_images_weapon : 59 - started weapon inference
2025-05-01 21:21:14 : INFO : inference_images_weapon : 89 - fps after inference: 0.7231175867070484
2025-05-01 21:21:14 : INFO : inference_images_weapon : 147 - Ended weapon inference
2025-05-01 21:21:14 : INFO : detect : 288 - FPS01: 0.72
2025-05-01 21:21:14 : INFO : detect : 338 - After sending the input
2025-05-01 21:21:14 : INFO : do_restful : 23 - RESTful: {'enable': True, 'url': 'http://localhost:5001/consumeevent'}
2025-05-01 21:21:14 : INFO : do_restful : 37 - post to local wep RESTful service{"status": "Weapon Detected |Gun : 0.8882352", "video_name": "entrance", "datetime": "01-05-2025 21:21:14", "time(s)": "277.98", "Threat_status": "Threat detected | Weapon:['Gun : 0.8882352']", "image_path": "weapon_277.98.jpg", "weapon_images": ["weapon_277.98.jpg"], "latitude": "12.0", "longitude": "13.0"}22025-05-01 21:23:44 : INFO : do_restful : 47 - response: <Response [200]>
2025-05-01 21:23:44 : INFO : do_restful : 48 - response: <Response [201]>
2025-05-01 21:23:44 : INFO : do_restful : 49 - post to remote RESTful service{"status": "Weapon Detected |Gun : 0.8882352", "video_name": "entrance", "datetime": "01-05-2025 21:21:14", "time(s)": "277.98", "Threat_status": "Threat detected | Weapon:['Gun : 0.8882352']", "image_path": "weapon_277.98.jpg", "weapon_images": ["weapon_277.98.jpg"], "latitude": "12.0", "longitude": "13.0"}, url:http://localhost:5001/consumeevent2025-05-01 21:23:44 : INFO : do_restful : 51 - response: <Response [200]>
2025-05-01 21:23:44 : INFO : detect : 350 - After fetching img
22025-05-01 21:23:44 : WARNING : detect : 388 - Gun : 0.8882352 Detected in Frame: 200
2025-05-01 21:23:44 : INFO : detect : 407 - output assignment. formatvp80 path:inferences/2025-05-01 21:23:44 : INFO : detect : 428 - FPS02: 0.01
2025-05-01 21:23:46 : INFO : detect : 222 - Ended video inference here
2025-05-01 21:23:46 : INFO : <module> : 51 - Response: {'payload': [{'status': 'Completed', 'video_name': 'entrance', 'video_type': 'mp4', 'datetime': '01-05-2025 21:23:46', 'Threat_status': '', 'last_updated': True}], 'data_weapon': {'status': 'Weapon Detected |Gun : 0.8882352', 'video_name': 'entrance', 'datetime': '01-05-2025 21:21:13', 'time(s)': '398.66', 'Threat_status': "Threat detected | Weapon:['Gun : 0.8882352']", 'image_path': 'weapon_398.66.jpg', 'weapon_images': ['weapon_398.66.jpg'], 'latitude': '12.0', 'longitude': '13.0'}} <class 'dict'>
2025-05-01 21:23:46 : INFO : <module> : 53 - GPU Utilization after:
2025-05-01 21:23:46 : INFO : <module> : 58 - Response: {'status': 'Weapon Detected |Gun : 0.8882352', 'video_name': 'entrance', 'datetime': '01-05-2025 21:21:13', 'time(s)': '398.66', 'Threat_status': "Threat detected | Weapon:['Gun : 0.8882352']", 'image_path': 'weapon_398.66.jpg', 'weapon_images': ['weapon_398.66.jpg'], 'latitude': '12.0', 'longitude': '13.0'} <class 'dict'>

